Log file open, 04/11/20 10:24:58
LogWindows: Failed to load 'aqProf.dll' (GetLastError=126)
LogWindows: File 'aqProf.dll' does not exist
LogWindows: Failed to load 'VtuneApi.dll' (GetLastError=126)
LogWindows: File 'VtuneApi.dll' does not exist
LogWindows: Failed to load 'VtuneApi32e.dll' (GetLastError=126)
LogWindows: File 'VtuneApi32e.dll' does not exist
LogConsoleResponse: Display: Failed to find resolution value strings in scalability ini. Falling back to default.
LogInit: Display: Running engine for game: CoronaKill
LogPlatformFile: Not using cached read wrapper
LogTaskGraph: Started task graph with 5 named threads and 23 total threads with 3 sets of task threads.
LogStats: Stats thread started at 0.090637
LogD3D11RHI: Loaded GFSDK_Aftermath_Lib.x64.dll
LogICUInternationalization: ICU TimeZone Detection - Raw Offset: -3:00, Platform Override: ''
LogPluginManager: Mounting plugin Paper2D
LogPluginManager: Mounting plugin AISupport
LogPluginManager: Mounting plugin LightPropagationVolume
LogPluginManager: Mounting plugin ActorLayerUtilities
LogPluginManager: Mounting plugin AnimationSharing
LogPluginManager: Mounting plugin CLionSourceCodeAccess
LogPluginManager: Mounting plugin CodeLiteSourceCodeAccess
LogPluginManager: Mounting plugin GitSourceControl
LogPluginManager: Mounting plugin KDevelopSourceCodeAccess
LogPluginManager: Mounting plugin NullSourceCodeAccess
LogPluginManager: Mounting plugin PerforceSourceControl
LogPluginManager: Mounting plugin SubversionSourceControl
LogPluginManager: Mounting plugin UObjectPlugin
LogPluginManager: Mounting plugin VisualStudioCodeSourceCodeAccess
LogPluginManager: Mounting plugin VisualStudioSourceCodeAccess
LogPluginManager: Mounting plugin XCodeSourceCodeAccess
LogPluginManager: Mounting plugin AssetManagerEditor
LogPluginManager: Mounting plugin CryptoKeys
LogPluginManager: Mounting plugin CurveEditorTools
LogPluginManager: Mounting plugin DataValidation
LogPluginManager: Mounting plugin FacialAnimation
LogPluginManager: Mounting plugin GameplayTagsEditor
LogPluginManager: Mounting plugin MacGraphicsSwitching
LogPluginManager: Mounting plugin MaterialAnalyzer
LogPluginManager: Mounting plugin MobileLauncherProfileWizard
LogPluginManager: Mounting plugin PluginBrowser
LogPluginManager: Mounting plugin SpeedTreeImporter
LogPluginManager: Mounting plugin DatasmithContent
LogPluginManager: Mounting plugin VariantManagerContent
LogPluginManager: Mounting plugin AlembicImporter
LogPluginManager: Mounting plugin AutomationUtils
LogPluginManager: Mounting plugin BackChannel
LogPluginManager: Mounting plugin CharacterAI
LogPluginManager: Mounting plugin GeometryCache
LogPluginManager: Mounting plugin HTML5Networking
LogPluginManager: Mounting plugin PlatformCrypto
LogPluginManager: Mounting plugin ProxyLODPlugin
LogPluginManager: Mounting plugin SkeletalReduction
LogPluginManager: Mounting plugin MagicLeap
LogPluginManager: Mounting plugin MagicLeapMedia
LogPluginManager: Mounting plugin AndroidMedia
LogPluginManager: Mounting plugin AvfMedia
LogPluginManager: Mounting plugin ImgMedia
LogPluginManager: Mounting plugin MediaCompositing
LogPluginManager: Mounting plugin MediaPlayerEditor
LogPluginManager: Mounting plugin WebMMedia
LogPluginManager: Mounting plugin WmfMedia
LogPluginManager: Mounting plugin TcpMessaging
LogPluginManager: Mounting plugin UdpMessaging
LogPluginManager: Mounting plugin ActorSequence
LogPluginManager: Mounting plugin LevelSequenceEditor
LogPluginManager: Mounting plugin MatineeToLevelSequence
LogPluginManager: Mounting plugin NetcodeUnitTest
LogPluginManager: Mounting plugin NUTUnrealEngine4
LogPluginManager: Mounting plugin OnlineSubsystemGooglePlay
LogPluginManager: Mounting plugin OnlineSubsystemIOS
LogPluginManager: Mounting plugin OnlineSubsystem
LogPluginManager: Mounting plugin OnlineSubsystemNull
LogPluginManager: Mounting plugin OnlineSubsystemUtils
LogPluginManager: Mounting plugin LauncherChunkInstaller
LogPluginManager: Mounting plugin AndroidDeviceProfileSelector
LogPluginManager: Mounting plugin AndroidMoviePlayer
LogPluginManager: Mounting plugin AndroidPermission
LogPluginManager: Mounting plugin AppleImageUtils
LogPluginManager: Mounting plugin AppleMoviePlayer
LogPluginManager: Mounting plugin ArchVisCharacter
LogPluginManager: Mounting plugin AudioCapture
LogPluginManager: Mounting plugin CableComponent
LogPluginManager: Mounting plugin CustomMeshComponent
LogPluginManager: Mounting plugin EditableMesh
LogPluginManager: Mounting plugin ExampleDeviceProfileSelector
LogPluginManager: Mounting plugin GoogleCloudMessaging
LogPluginManager: Mounting plugin IOSDeviceProfileSelector
LogPluginManager: Mounting plugin LinuxDeviceProfileSelector
LogPluginManager: Mounting plugin LocationServicesBPLibrary
LogPluginManager: Mounting plugin MobilePatchingUtils
LogPluginManager: Mounting plugin OculusVR
LogPluginManager: Mounting plugin PhysXVehicles
LogPluginManager: Mounting plugin ProceduralMeshComponent
LogPluginManager: Mounting plugin RuntimePhysXCooking
LogPluginManager: Mounting plugin SignificanceManager
LogPluginManager: Mounting plugin SteamVR
LogPluginManager: Mounting plugin WebMMoviePlayer
LogPluginManager: Mounting plugin WindowsMoviePlayer
LogPluginManager: Mounting plugin ScreenshotTools
LogInit: Using libcurl 7.55.1-DEV
LogInit:  - built for x86_64-pc-win32
LogInit:  - supports SSL with OpenSSL/1.1.1
LogInit:  - supports HTTP deflate (compression) using libz 1.2.8
LogInit:  - other features:
LogInit:      CURL_VERSION_SSL
LogInit:      CURL_VERSION_LIBZ
LogInit:      CURL_VERSION_IPV6
LogInit:      CURL_VERSION_ASYNCHDNS
LogInit:      CURL_VERSION_LARGEFILE
LogInit:      CURL_VERSION_IDN
LogInit:  CurlRequestOptions (configurable via config and command line):
LogInit:  - bVerifyPeer = true  - Libcurl will verify peer certificate
LogInit:  - bUseHttpProxy = false  - Libcurl will NOT use HTTP proxy
LogInit:  - bDontReuseConnections = false  - Libcurl will reuse connections
LogInit:  - MaxHostConnections = 16  - Libcurl will limit the number of connections to a host
LogInit:  - LocalHostAddr = Default
LogInit:  - BufferSize = 65536
LogOnline: OSS: Creating online subsystem instance for: NULL
LogInit: WinSock: version 1.1 (2.2), MaxSocks=32767, MaxUdp=65467
LogInit: Build: ++UE4+Release-4.23-CL-9631420
LogInit: Engine Version: 4.23.1-9631420+++UE4+Release-4.23
LogInit: Compatible Engine Version: 4.23.0-8386587+++UE4+Release-4.23
LogInit: Net CL: 8386587
LogInit: OS: Windows 10 (Release 1903) (), CPU: Intel(R) Core(TM) i7-4720HQ CPU @ 2.60GHz, GPU: Intel(R) HD Graphics 4600
LogInit: Compiled (64-bit): Oct 18 2019 02:07:44
LogInit: Compiled with Visual C++: 19.16.27030.01
LogInit: Build Configuration: Development
LogInit: Branch Name: ++UE4+Release-4.23
LogInit: Command Line:  -EpicPortal -epicusername=RawCake3 -epicuserid=c65815a258c146bea31176f82c01cb33 -epiclocale=pt-BR
LogInit: Base Directory: C:/Program Files/Epic Games/UE_4.23/Engine/Binaries/Win64/
LogInit: Installed Engine Build: 1
LogDevObjectVersion: Number of dev versions registered: 23
LogDevObjectVersion:   Dev-Blueprints (B0D832E4-1F89-4F0D-ACCF-7EB736FD4AA2): 10
LogDevObjectVersion:   Dev-Build (E1C64328-A22C-4D53-A36C-8E866417BD8C): 0
LogDevObjectVersion:   Dev-Core (375EC13C-06E4-48FB-B500-84F0262A717E): 3
LogDevObjectVersion:   Dev-Editor (E4B068ED-F494-42E9-A231-DA0B2E46BB41): 34
LogDevObjectVersion:   Dev-Framework (CFFC743F-43B0-4480-9391-14DF171D2073): 35
LogDevObjectVersion:   Dev-Mobile (B02B49B5-BB20-44E9-A304-32B752E40360): 2
LogDevObjectVersion:   Dev-Networking (A4E4105C-59A1-49B5-A7C5-40C4547EDFEE): 0
LogDevObjectVersion:   Dev-Online (39C831C9-5AE6-47DC-9A44-9C173E1C8E7C): 0
LogDevObjectVersion:   Dev-Physics (78F01B33-EBEA-4F98-B9B4-84EACCB95AA2): 0
LogDevObjectVersion:   Dev-Platform (6631380F-2D4D-43E0-8009-CF276956A95A): 0
LogDevObjectVersion:   Dev-Rendering (12F88B9F-8875-4AFC-A67C-D90C383ABD29): 31
LogDevObjectVersion:   Dev-Sequencer (7B5AE74C-D270-4C10-A958-57980B212A5A): 11
LogDevObjectVersion:   Dev-VR (D7296918-1DD6-4BDD-9DE2-64A83CC13884): 2
LogDevObjectVersion:   Dev-LoadTimes (C2A15278-BFE7-4AFE-6C17-90FF531DF755): 1
LogDevObjectVersion:   Private-Geometry (6EACA3D4-40EC-4CC1-B786-8BED09428FC5): 3
LogDevObjectVersion:   Dev-AnimPhys (29E575DD-E0A3-4627-9D10-D276232CDCEA): 17
LogDevObjectVersion:   Dev-Anim (AF43A65D-7FD3-4947-9873-3E8ED9C1BB05): 2
LogDevObjectVersion:   Dev-ReflectionCapture (6B266CEC-1EC7-4B8F-A30B-E4D90942FC07): 1
LogDevObjectVersion:   Dev-Automation (0DF73D61-A23F-47EA-B727-89E90C41499A): 1
LogDevObjectVersion:   FortniteMain (601D1886-AC64-4F84-AA16-D3DE0DEAC7D6): 27
LogDevObjectVersion:   Dev-Enterprise (9DFFBCD6-494F-0158-E221-12823C92A888): 6
LogDevObjectVersion:   Dev-Niagara (F2AED0AC-9AFE-416F-8664-AA7FFA26D6FC): 1
LogDevObjectVersion:   Dev-Destruction (174F1F0B-B4C6-45A5-B13F-2EE8D0FB917D): 9
LogInit: Presizing for max 16777216 objects, including 0 objects not considered by GC, pre-allocating 0 bytes for permanent pool.
LogInit: Object subsystem initialized
LogConfig: Setting CVar [[con.DebugEarlyDefault:1]]
LogConfig: Setting CVar [[r.setres:1280x720]]
[2020.04.11-13.24.59:026][  0]LogConfig: Setting CVar [[r.VSync:0]]
[2020.04.11-13.24.59:026][  0]LogConfig: Setting CVar [[r.RHICmdBypass:0]]
[2020.04.11-13.24.59:026][  0]LogConfig: Applying CVar settings from Section [/Script/Engine.RendererSettings] File [C:/Users/Avell 960m/Documents/Unreal Projects/CoronaKill/Saved/Config/Windows/Engine.ini]
[2020.04.11-13.24.59:026][  0]LogConfig: Setting CVar [[r.GPUCrashDebugging:0]]
[2020.04.11-13.24.59:027][  0]LogConfig: Applying CVar settings from Section [/Script/Engine.RendererOverrideSettings] File [C:/Users/Avell 960m/Documents/Unreal Projects/CoronaKill/Saved/Config/Windows/Engine.ini]
[2020.04.11-13.24.59:027][  0]LogConfig: Applying CVar settings from Section [/Script/Engine.StreamingSettings] File [C:/Users/Avell 960m/Documents/Unreal Projects/CoronaKill/Saved/Config/Windows/Engine.ini]
[2020.04.11-13.24.59:027][  0]LogConfig: Setting CVar [[s.MinBulkDataSizeForAsyncLoading:131072]]
[2020.04.11-13.24.59:027][  0]LogConfig: Setting CVar [[s.AsyncLoadingThreadEnabled:0]]
[2020.04.11-13.24.59:027][  0]LogConfig: Setting CVar [[s.EventDrivenLoaderEnabled:1]]
[2020.04.11-13.24.59:027][  0]LogConfig: Setting CVar [[s.WarnIfTimeLimitExceeded:0]]
[2020.04.11-13.24.59:027][  0]LogConfig: Setting CVar [[s.TimeLimitExceededMultiplier:1.5]]
[2020.04.11-13.24.59:027][  0]LogConfig: Setting CVar [[s.TimeLimitExceededMinTime:0.005]]
[2020.04.11-13.24.59:027][  0]LogConfig: Setting CVar [[s.UseBackgroundLevelStreaming:1]]
[2020.04.11-13.24.59:027][  0]LogConfig: Setting CVar [[s.PriorityAsyncLoadingExtraTime:15.0]]
[2020.04.11-13.24.59:027][  0]LogConfig: Setting CVar [[s.LevelStreamingActorsUpdateTimeLimit:5.0]]
[2020.04.11-13.24.59:027][  0]LogConfig: Setting CVar [[s.PriorityLevelStreamingActorsUpdateExtraTime:5.0]]
[2020.04.11-13.24.59:027][  0]LogConfig: Setting CVar [[s.LevelStreamingComponentsRegistrationGranularity:10]]
[2020.04.11-13.24.59:027][  0]LogConfig: Setting CVar [[s.UnregisterComponentsTimeLimit:1.0]]
[2020.04.11-13.24.59:027][  0]LogConfig: Setting CVar [[s.LevelStreamingComponentsUnregistrationGranularity:5]]
[2020.04.11-13.24.59:027][  0]LogConfig: Applying CVar settings from Section [/Script/Engine.GarbageCollectionSettings] File [C:/Users/Avell 960m/Documents/Unreal Projects/CoronaKill/Saved/Config/Windows/Engine.ini]
[2020.04.11-13.24.59:027][  0]LogConfig: Setting CVar [[gc.MaxObjectsNotConsideredByGC:1]]
[2020.04.11-13.24.59:027][  0]LogConfig: Setting CVar [[gc.SizeOfPermanentObjectPool:0]]
[2020.04.11-13.24.59:027][  0]LogConfig: Setting CVar [[gc.FlushStreamingOnGC:0]]
[2020.04.11-13.24.59:028][  0]LogConfig: Setting CVar [[gc.NumRetriesBeforeForcingGC:10]]
[2020.04.11-13.24.59:028][  0]LogConfig: Setting CVar [[gc.AllowParallelGC:1]]
[2020.04.11-13.24.59:028][  0]LogConfig: Setting CVar [[gc.TimeBetweenPurgingPendingKillObjects:61.1]]
[2020.04.11-13.24.59:028][  0]LogConfig: Setting CVar [[gc.MaxObjectsInEditor:16777216]]
[2020.04.11-13.24.59:028][  0]LogConfig: Setting CVar [[gc.IncrementalBeginDestroyEnabled:1]]
[2020.04.11-13.24.59:028][  0]LogConfig: Setting CVar [[gc.CreateGCClusters:1]]
[2020.04.11-13.24.59:028][  0]LogConfig: Setting CVar [[gc.MinGCClusterSize:5]]
[2020.04.11-13.24.59:028][  0]LogConfig: Setting CVar [[gc.ActorClusteringEnabled:0]]
[2020.04.11-13.24.59:028][  0]LogConfig: Setting CVar [[gc.BlueprintClusteringEnabled:0]]
[2020.04.11-13.24.59:028][  0]LogConfig: Setting CVar [[gc.UseDisregardForGCOnDedicatedServers:0]]
[2020.04.11-13.24.59:028][  0]LogConfig: Applying CVar settings from Section [/Script/Engine.NetworkSettings] File [C:/Users/Avell 960m/Documents/Unreal Projects/CoronaKill/Saved/Config/Windows/Engine.ini]
[2020.04.11-13.24.59:028][  0]LogConfig: Applying CVar settings from Section [/Script/UnrealEd.CookerSettings] File [C:/Users/Avell 960m/Documents/Unreal Projects/CoronaKill/Saved/Config/Windows/Engine.ini]
[2020.04.11-13.24.59:034][  0]LogConfig: Applying CVar settings from Section [ViewDistanceQuality@3] File [C:/Users/Avell 960m/Documents/Unreal Projects/CoronaKill/Saved/Config/Windows/Scalability.ini]
[2020.04.11-13.24.59:034][  0]LogConfig: Setting CVar [[r.SkeletalMeshLODBias:0]]
[2020.04.11-13.24.59:034][  0]LogConfig: Setting CVar [[r.ViewDistanceScale:1.0]]
[2020.04.11-13.24.59:034][  0]LogConfig: Applying CVar settings from Section [AntiAliasingQuality@3] File [C:/Users/Avell 960m/Documents/Unreal Projects/CoronaKill/Saved/Config/Windows/Scalability.ini]
[2020.04.11-13.24.59:034][  0]LogConfig: Setting CVar [[r.PostProcessAAQuality:4]]
[2020.04.11-13.24.59:034][  0]LogConfig: Applying CVar settings from Section [ShadowQuality@3] File [C:/Users/Avell 960m/Documents/Unreal Projects/CoronaKill/Saved/Config/Windows/Scalability.ini]
[2020.04.11-13.24.59:034][  0]LogConfig: Setting CVar [[r.LightFunctionQuality:1]]
[2020.04.11-13.24.59:034][  0]LogConfig: Setting CVar [[r.ShadowQuality:5]]
[2020.04.11-13.24.59:035][  0]LogConfig: Setting CVar [[r.Shadow.CSM.MaxCascades:10]]
[2020.04.11-13.24.59:035][  0]LogConfig: Setting CVar [[r.Shadow.MaxResolution:2048]]
[2020.04.11-13.24.59:035][  0]LogConfig: Setting CVar [[r.Shadow.MaxCSMResolution:2048]]
[2020.04.11-13.24.59:035][  0]LogConfig: Setting CVar [[r.Shadow.RadiusThreshold:0.01]]
[2020.04.11-13.24.59:035][  0]LogConfig: Setting CVar [[r.Shadow.DistanceScale:1.0]]
[2020.04.11-13.24.59:035][  0]LogConfig: Setting CVar [[r.Shadow.CSM.TransitionScale:1.0]]
[2020.04.11-13.24.59:035][  0]LogConfig: Setting CVar [[r.Shadow.PreShadowResolutionFactor:1.0]]
[2020.04.11-13.24.59:035][  0]LogConfig: Setting CVar [[r.DistanceFieldShadowing:1]]
[2020.04.11-13.24.59:035][  0]LogConfig: Setting CVar [[r.DistanceFieldAO:1]]
[2020.04.11-13.24.59:035][  0]LogConfig: Setting CVar [[r.AOQuality:2]]
[2020.04.11-13.24.59:035][  0]LogConfig: Setting CVar [[r.VolumetricFog:1]]
[2020.04.11-13.24.59:035][  0]LogConfig: Setting CVar [[r.VolumetricFog.GridPixelSize:8]]
[2020.04.11-13.24.59:035][  0]LogConfig: Setting CVar [[r.VolumetricFog.GridSizeZ:128]]
[2020.04.11-13.24.59:035][  0]LogConfig: Setting CVar [[r.VolumetricFog.HistoryMissSupersampleCount:4]]
[2020.04.11-13.24.59:035][  0]LogConfig: Setting CVar [[r.LightMaxDrawDistanceScale:1]]
[2020.04.11-13.24.59:035][  0]LogConfig: Setting CVar [[r.CapsuleShadows:1]]
[2020.04.11-13.24.59:035][  0]LogConfig: Applying CVar settings from Section [PostProcessQuality@3] File [C:/Users/Avell 960m/Documents/Unreal Projects/CoronaKill/Saved/Config/Windows/Scalability.ini]
[2020.04.11-13.24.59:035][  0]LogConfig: Setting CVar [[r.MotionBlurQuality:4]]
[2020.04.11-13.24.59:035][  0]LogConfig: Setting CVar [[r.AmbientOcclusionMipLevelFactor:0.4]]
[2020.04.11-13.24.59:035][  0]LogConfig: Setting CVar [[r.AmbientOcclusionMaxQuality:100]]
[2020.04.11-13.24.59:035][  0]LogConfig: Setting CVar [[r.AmbientOcclusionLevels:-1]]
[2020.04.11-13.24.59:035][  0]LogConfig: Setting CVar [[r.AmbientOcclusionRadiusScale:1.0]]
[2020.04.11-13.24.59:035][  0]LogConfig: Setting CVar [[r.DepthOfFieldQuality:2]]
[2020.04.11-13.24.59:035][  0]LogConfig: Setting CVar [[r.RenderTargetPoolMin:400]]
[2020.04.11-13.24.59:035][  0]LogConfig: Setting CVar [[r.LensFlareQuality:2]]
[2020.04.11-13.24.59:035][  0]LogConfig: Setting CVar [[r.SceneColorFringeQuality:1]]
[2020.04.11-13.24.59:035][  0]LogConfig: Setting CVar [[r.EyeAdaptationQuality:2]]
[2020.04.11-13.24.59:035][  0]LogConfig: Setting CVar [[r.BloomQuality:5]]
[2020.04.11-13.24.59:035][  0]LogConfig: Setting CVar [[r.FastBlurThreshold:100]]
[2020.04.11-13.24.59:035][  0]LogConfig: Setting CVar [[r.Upscale.Quality:3]]
[2020.04.11-13.24.59:035][  0]LogConfig: Setting CVar [[r.Tonemapper.GrainQuantization:1]]
[2020.04.11-13.24.59:035][  0]LogConfig: Setting CVar [[r.LightShaftQuality:1]]
[2020.04.11-13.24.59:035][  0]LogConfig: Setting CVar [[r.Filter.SizeScale:1]]
[2020.04.11-13.24.59:035][  0]LogConfig: Setting CVar [[r.Tonemapper.Quality:5]]
[2020.04.11-13.24.59:035][  0]LogConfig: Setting CVar [[r.DOF.Gather.AccumulatorQuality:1        ; higher gathering accumulator quality]]
[2020.04.11-13.24.59:036][  0]LogConfig: Setting CVar [[r.DOF.Gather.PostfilterMethod:1          ; Median3x3 postfilering method]]
[2020.04.11-13.24.59:036][  0]LogConfig: Setting CVar [[r.DOF.Gather.EnableBokehSettings:0       ; no bokeh simulation when gathering]]
[2020.04.11-13.24.59:036][  0]LogConfig: Setting CVar [[r.DOF.Gather.RingCount:4                 ; medium number of samples when gathering]]
[2020.04.11-13.24.59:036][  0]LogConfig: Setting CVar [[r.DOF.Scatter.ForegroundCompositing:1    ; additive foreground scattering]]
[2020.04.11-13.24.59:036][  0]LogConfig: Setting CVar [[r.DOF.Scatter.BackgroundCompositing:2    ; additive background scattering]]
[2020.04.11-13.24.59:036][  0]LogConfig: Setting CVar [[r.DOF.Scatter.EnableBokehSettings:1      ; bokeh simulation when scattering]]
[2020.04.11-13.24.59:036][  0]LogConfig: Setting CVar [[r.DOF.Scatter.MaxSpriteRatio:0.1         ; only a maximum of 10% of scattered bokeh]]
[2020.04.11-13.24.59:036][  0]LogConfig: Setting CVar [[r.DOF.Recombine.Quality:1                ; cheap slight out of focus]]
[2020.04.11-13.24.59:036][  0]LogConfig: Setting CVar [[r.DOF.Recombine.EnableBokehSettings:0    ; no bokeh simulation on slight out of focus]]
[2020.04.11-13.24.59:036][  0]LogConfig: Setting CVar [[r.DOF.TemporalAAQuality:1                ; more stable temporal accumulation]]
[2020.04.11-13.24.59:036][  0]LogConfig: Setting CVar [[r.DOF.Kernel.MaxForegroundRadius:0.025]]
[2020.04.11-13.24.59:036][  0]LogConfig: Setting CVar [[r.DOF.Kernel.MaxBackgroundRadius:0.025]]
[2020.04.11-13.24.59:036][  0]LogConfig: Applying CVar settings from Section [TextureQuality@3] File [C:/Users/Avell 960m/Documents/Unreal Projects/CoronaKill/Saved/Config/Windows/Scalability.ini]
[2020.04.11-13.24.59:036][  0]LogConfig: Setting CVar [[r.Streaming.MipBias:0]]
[2020.04.11-13.24.59:036][  0]LogConfig: Setting CVar [[r.Streaming.AmortizeCPUToGPUCopy:0]]
[2020.04.11-13.24.59:036][  0]LogConfig: Setting CVar [[r.Streaming.MaxNumTexturesToStreamPerFrame:0]]
[2020.04.11-13.24.59:036][  0]LogConfig: Setting CVar [[r.Streaming.Boost:1]]
[2020.04.11-13.24.59:036][  0]LogConfig: Setting CVar [[r.MaxAnisotropy:8]]
[2020.04.11-13.24.59:036][  0]LogConfig: Setting CVar [[r.Streaming.LimitPoolSizeToVRAM:0]]
[2020.04.11-13.24.59:036][  0]LogConfig: Setting CVar [[r.Streaming.PoolSize:1000]]
[2020.04.11-13.24.59:036][  0]LogConfig: Setting CVar [[r.Streaming.MaxEffectiveScreenSize:0]]
[2020.04.11-13.24.59:036][  0]LogConfig: Applying CVar settings from Section [EffectsQuality@3] File [C:/Users/Avell 960m/Documents/Unreal Projects/CoronaKill/Saved/Config/Windows/Scalability.ini]
[2020.04.11-13.24.59:036][  0]LogConfig: Setting CVar [[r.TranslucencyLightingVolumeDim:64]]
[2020.04.11-13.24.59:036][  0]LogConfig: Setting CVar [[r.RefractionQuality:2]]
[2020.04.11-13.24.59:036][  0]LogConfig: Setting CVar [[r.SSR.Quality:3]]
[2020.04.11-13.24.59:036][  0]LogConfig: Setting CVar [[r.SceneColorFormat:4]]
[2020.04.11-13.24.59:036][  0]LogConfig: Setting CVar [[r.DetailMode:2]]
[2020.04.11-13.24.59:036][  0]LogConfig: Setting CVar [[r.TranslucencyVolumeBlur:1]]
[2020.04.11-13.24.59:036][  0]LogConfig: Setting CVar [[r.MaterialQualityLevel:1 ; High quality]]
[2020.04.11-13.24.59:036][  0]LogConfig: Setting CVar [[r.SSS.Scale:1]]
[2020.04.11-13.24.59:036][  0]LogConfig: Setting CVar [[r.SSS.SampleSet:2]]
[2020.04.11-13.24.59:037][  0]LogConfig: Setting CVar [[r.SSS.Quality:1]]
[2020.04.11-13.24.59:037][  0]LogConfig: Setting CVar [[r.SSS.HalfRes:1]]
[2020.04.11-13.24.59:037][  0]LogConfig: Setting CVar [[r.EmitterSpawnRateScale:1.0]]
[2020.04.11-13.24.59:037][  0]LogConfig: Setting CVar [[r.ParticleLightQuality:2]]
[2020.04.11-13.24.59:037][  0]LogConfig: Applying CVar settings from Section [FoliageQuality@3] File [C:/Users/Avell 960m/Documents/Unreal Projects/CoronaKill/Saved/Config/Windows/Scalability.ini]
[2020.04.11-13.24.59:037][  0]LogConfig: Setting CVar [[foliage.DensityScale:1.0]]
[2020.04.11-13.24.59:037][  0]LogConfig: Setting CVar [[grass.DensityScale:1.0]]
[2020.04.11-13.24.59:037][  0]LogInit: Selected Device Profile: [Windows]
[2020.04.11-13.24.59:037][  0]LogInit: Applying CVar settings loaded from the selected device profile: [Windows]
[2020.04.11-13.24.59:066][  0]LogHAL: Display: Platform has ~ 8 GB [8468393984 / 8589934592 / 8], which maps to Default [LargestMinGB=32, LargerMinGB=12, DefaultMinGB=8, SmallerMinGB=6, SmallestMinGB=0)
[2020.04.11-13.24.59:066][  0]LogInit: Going up to parent DeviceProfile []
[2020.04.11-13.24.59:066][  0]LogConfig: Applying CVar settings from Section [ViewDistanceQuality@3] File [C:/Users/Avell 960m/Documents/Unreal Projects/CoronaKill/Saved/Config/Windows/Scalability.ini]
[2020.04.11-13.24.59:066][  0]LogConfig: Setting CVar [[r.SkeletalMeshLODBias:0]]
[2020.04.11-13.24.59:066][  0]LogConfig: Setting CVar [[r.ViewDistanceScale:1.0]]
[2020.04.11-13.24.59:066][  0]LogConfig: Applying CVar settings from Section [AntiAliasingQuality@3] File [C:/Users/Avell 960m/Documents/Unreal Projects/CoronaKill/Saved/Config/Windows/Scalability.ini]
[2020.04.11-13.24.59:066][  0]LogConfig: Setting CVar [[r.PostProcessAAQuality:4]]
[2020.04.11-13.24.59:066][  0]LogConfig: Applying CVar settings from Section [ShadowQuality@3] File [C:/Users/Avell 960m/Documents/Unreal Projects/CoronaKill/Saved/Config/Windows/Scalability.ini]
[2020.04.11-13.24.59:066][  0]LogConfig: Setting CVar [[r.LightFunctionQuality:1]]
[2020.04.11-13.24.59:066][  0]LogConfig: Setting CVar [[r.ShadowQuality:5]]
[2020.04.11-13.24.59:066][  0]LogConfig: Setting CVar [[r.Shadow.CSM.MaxCascades:10]]
[2020.04.11-13.24.59:066][  0]LogConfig: Setting CVar [[r.Shadow.MaxResolution:2048]]
[2020.04.11-13.24.59:067][  0]LogConfig: Setting CVar [[r.Shadow.MaxCSMResolution:2048]]
[2020.04.11-13.24.59:067][  0]LogConfig: Setting CVar [[r.Shadow.RadiusThreshold:0.01]]
[2020.04.11-13.24.59:067][  0]LogConfig: Setting CVar [[r.Shadow.DistanceScale:1.0]]
[2020.04.11-13.24.59:067][  0]LogConfig: Setting CVar [[r.Shadow.CSM.TransitionScale:1.0]]
[2020.04.11-13.24.59:067][  0]LogConfig: Setting CVar [[r.Shadow.PreShadowResolutionFactor:1.0]]
[2020.04.11-13.24.59:067][  0]LogConfig: Setting CVar [[r.DistanceFieldShadowing:1]]
[2020.04.11-13.24.59:067][  0]LogConfig: Setting CVar [[r.DistanceFieldAO:1]]
[2020.04.11-13.24.59:067][  0]LogConfig: Setting CVar [[r.AOQuality:2]]
[2020.04.11-13.24.59:067][  0]LogConfig: Setting CVar [[r.VolumetricFog:1]]
[2020.04.11-13.24.59:067][  0]LogConfig: Setting CVar [[r.VolumetricFog.GridPixelSize:8]]
[2020.04.11-13.24.59:067][  0]LogConfig: Setting CVar [[r.VolumetricFog.GridSizeZ:128]]
[2020.04.11-13.24.59:067][  0]LogConfig: Setting CVar [[r.VolumetricFog.HistoryMissSupersampleCount:4]]
[2020.04.11-13.24.59:067][  0]LogConfig: Setting CVar [[r.LightMaxDrawDistanceScale:1]]
[2020.04.11-13.24.59:067][  0]LogConfig: Setting CVar [[r.CapsuleShadows:1]]
[2020.04.11-13.24.59:067][  0]LogConfig: Applying CVar settings from Section [PostProcessQuality@3] File [C:/Users/Avell 960m/Documents/Unreal Projects/CoronaKill/Saved/Config/Windows/Scalability.ini]
[2020.04.11-13.24.59:067][  0]LogConfig: Setting CVar [[r.MotionBlurQuality:4]]
[2020.04.11-13.24.59:067][  0]LogConfig: Setting CVar [[r.AmbientOcclusionMipLevelFactor:0.4]]
[2020.04.11-13.24.59:067][  0]LogConfig: Setting CVar [[r.AmbientOcclusionMaxQuality:100]]
[2020.04.11-13.24.59:067][  0]LogConfig: Setting CVar [[r.AmbientOcclusionLevels:-1]]
[2020.04.11-13.24.59:067][  0]LogConfig: Setting CVar [[r.AmbientOcclusionRadiusScale:1.0]]
[2020.04.11-13.24.59:067][  0]LogConfig: Setting CVar [[r.DepthOfFieldQuality:2]]
[2020.04.11-13.24.59:067][  0]LogConfig: Setting CVar [[r.RenderTargetPoolMin:400]]
[2020.04.11-13.24.59:067][  0]LogConfig: Setting CVar [[r.LensFlareQuality:2]]
[2020.04.11-13.24.59:067][  0]LogConfig: Setting CVar [[r.SceneColorFringeQuality:1]]
[2020.04.11-13.24.59:067][  0]LogConfig: Setting CVar [[r.EyeAdaptationQuality:2]]
[2020.04.11-13.24.59:067][  0]LogConfig: Setting CVar [[r.BloomQuality:5]]
[2020.04.11-13.24.59:067][  0]LogConfig: Setting CVar [[r.FastBlurThreshold:100]]
[2020.04.11-13.24.59:067][  0]LogConfig: Setting CVar [[r.Upscale.Quality:3]]
[2020.04.11-13.24.59:067][  0]LogConfig: Setting CVar [[r.Tonemapper.GrainQuantization:1]]
[2020.04.11-13.24.59:067][  0]LogConfig: Setting CVar [[r.LightShaftQuality:1]]
[2020.04.11-13.24.59:067][  0]LogConfig: Setting CVar [[r.Filter.SizeScale:1]]
[2020.04.11-13.24.59:067][  0]LogConfig: Setting CVar [[r.Tonemapper.Quality:5]]
[2020.04.11-13.24.59:068][  0]LogConfig: Setting CVar [[r.DOF.Gather.AccumulatorQuality:1        ; higher gathering accumulator quality]]
[2020.04.11-13.24.59:068][  0]LogConfig: Setting CVar [[r.DOF.Gather.PostfilterMethod:1          ; Median3x3 postfilering method]]
[2020.04.11-13.24.59:068][  0]LogConfig: Setting CVar [[r.DOF.Gather.EnableBokehSettings:0       ; no bokeh simulation when gathering]]
[2020.04.11-13.24.59:068][  0]LogConfig: Setting CVar [[r.DOF.Gather.RingCount:4                 ; medium number of samples when gathering]]
[2020.04.11-13.24.59:068][  0]LogConfig: Setting CVar [[r.DOF.Scatter.ForegroundCompositing:1    ; additive foreground scattering]]
[2020.04.11-13.24.59:068][  0]LogConfig: Setting CVar [[r.DOF.Scatter.BackgroundCompositing:2    ; additive background scattering]]
[2020.04.11-13.24.59:068][  0]LogConfig: Setting CVar [[r.DOF.Scatter.EnableBokehSettings:1      ; bokeh simulation when scattering]]
[2020.04.11-13.24.59:068][  0]LogConfig: Setting CVar [[r.DOF.Scatter.MaxSpriteRatio:0.1         ; only a maximum of 10% of scattered bokeh]]
[2020.04.11-13.24.59:068][  0]LogConfig: Setting CVar [[r.DOF.Recombine.Quality:1                ; cheap slight out of focus]]
[2020.04.11-13.24.59:068][  0]LogConfig: Setting CVar [[r.DOF.Recombine.EnableBokehSettings:0    ; no bokeh simulation on slight out of focus]]
[2020.04.11-13.24.59:068][  0]LogConfig: Setting CVar [[r.DOF.TemporalAAQuality:1                ; more stable temporal accumulation]]
[2020.04.11-13.24.59:068][  0]LogConfig: Setting CVar [[r.DOF.Kernel.MaxForegroundRadius:0.025]]
[2020.04.11-13.24.59:068][  0]LogConfig: Setting CVar [[r.DOF.Kernel.MaxBackgroundRadius:0.025]]
[2020.04.11-13.24.59:068][  0]LogConfig: Applying CVar settings from Section [TextureQuality@3] File [C:/Users/Avell 960m/Documents/Unreal Projects/CoronaKill/Saved/Config/Windows/Scalability.ini]
[2020.04.11-13.24.59:068][  0]LogConfig: Setting CVar [[r.Streaming.MipBias:0]]
[2020.04.11-13.24.59:068][  0]LogConfig: Setting CVar [[r.Streaming.AmortizeCPUToGPUCopy:0]]
[2020.04.11-13.24.59:068][  0]LogConfig: Setting CVar [[r.Streaming.MaxNumTexturesToStreamPerFrame:0]]
[2020.04.11-13.24.59:068][  0]LogConfig: Setting CVar [[r.Streaming.Boost:1]]
[2020.04.11-13.24.59:068][  0]LogConfig: Setting CVar [[r.MaxAnisotropy:8]]
[2020.04.11-13.24.59:068][  0]LogConfig: Setting CVar [[r.Streaming.LimitPoolSizeToVRAM:0]]
[2020.04.11-13.24.59:068][  0]LogConfig: Setting CVar [[r.Streaming.PoolSize:1000]]
[2020.04.11-13.24.59:068][  0]LogConfig: Setting CVar [[r.Streaming.MaxEffectiveScreenSize:0]]
[2020.04.11-13.24.59:068][  0]LogConfig: Applying CVar settings from Section [EffectsQuality@3] File [C:/Users/Avell 960m/Documents/Unreal Projects/CoronaKill/Saved/Config/Windows/Scalability.ini]
[2020.04.11-13.24.59:068][  0]LogConfig: Setting CVar [[r.TranslucencyLightingVolumeDim:64]]
[2020.04.11-13.24.59:068][  0]LogConfig: Setting CVar [[r.RefractionQuality:2]]
[2020.04.11-13.24.59:068][  0]LogConfig: Setting CVar [[r.SSR.Quality:3]]
[2020.04.11-13.24.59:068][  0]LogConfig: Setting CVar [[r.SceneColorFormat:4]]
[2020.04.11-13.24.59:068][  0]LogConfig: Setting CVar [[r.DetailMode:2]]
[2020.04.11-13.24.59:068][  0]LogConfig: Setting CVar [[r.TranslucencyVolumeBlur:1]]
[2020.04.11-13.24.59:068][  0]LogConfig: Setting CVar [[r.MaterialQualityLevel:1 ; High quality]]
[2020.04.11-13.24.59:068][  0]LogConfig: Setting CVar [[r.SSS.Scale:1]]
[2020.04.11-13.24.59:069][  0]LogConfig: Setting CVar [[r.SSS.SampleSet:2]]
[2020.04.11-13.24.59:069][  0]LogConfig: Setting CVar [[r.SSS.Quality:1]]
[2020.04.11-13.24.59:069][  0]LogConfig: Setting CVar [[r.SSS.HalfRes:1]]
[2020.04.11-13.24.59:069][  0]LogConfig: Setting CVar [[r.EmitterSpawnRateScale:1.0]]
[2020.04.11-13.24.59:069][  0]LogConfig: Setting CVar [[r.ParticleLightQuality:2]]
[2020.04.11-13.24.59:069][  0]LogConfig: Applying CVar settings from Section [FoliageQuality@3] File [C:/Users/Avell 960m/Documents/Unreal Projects/CoronaKill/Saved/Config/Windows/Scalability.ini]
[2020.04.11-13.24.59:069][  0]LogConfig: Setting CVar [[foliage.DensityScale:1.0]]
[2020.04.11-13.24.59:069][  0]LogConfig: Setting CVar [[grass.DensityScale:1.0]]
[2020.04.11-13.24.59:069][  0]LogConfig: Applying CVar settings from Section [Startup] File [../../../Engine/Config/ConsoleVariables.ini]
[2020.04.11-13.24.59:069][  0]LogConfig: Setting CVar [[net.UseAdaptiveNetUpdateFrequency:0]]
[2020.04.11-13.24.59:069][  0]LogConfig: Setting CVar [[p.chaos.AllowCreatePhysxBodies:1]]
[2020.04.11-13.24.59:069][  0]LogConfig: Applying CVar settings from Section [ConsoleVariables] File [C:/Users/Avell 960m/Documents/Unreal Projects/CoronaKill/Saved/Config/Windows/Engine.ini]
[2020.04.11-13.24.59:070][  0]LogInit: Computer: DESKTOP-ISFA87P
[2020.04.11-13.24.59:070][  0]LogInit: User: Avell960m
[2020.04.11-13.24.59:070][  0]LogInit: CPU Page size=4096, Cores=4
[2020.04.11-13.24.59:070][  0]LogInit: High frequency timer resolution =10.000000 MHz
[2020.04.11-13.24.59:070][  0]LogMemory: Memory total: Physical=7.9GB (8GB approx)
[2020.04.11-13.24.59:070][  0]LogMemory: Platform Memory Stats for Windows
[2020.04.11-13.24.59:070][  0]LogMemory: Process Physical Memory: 101.23 MB used, 101.23 MB peak
[2020.04.11-13.24.59:070][  0]LogMemory: Process Virtual Memory: 100.52 MB used, 100.52 MB peak
[2020.04.11-13.24.59:070][  0]LogMemory: Physical Memory: 5939.37 MB used,  2136.72 MB free, 8076.09 MB total
[2020.04.11-13.24.59:070][  0]LogMemory: Virtual Memory: 4668.46 MB used,  134213056.00 MB free, 134217728.00 MB total
[2020.04.11-13.24.59:078][  0]LogWindows: WindowsPlatformFeatures enabled
[2020.04.11-13.24.59:146][  0]LogInit: Overriding language with editor language configuration option (en).
[2020.04.11-13.24.59:146][  0]LogInit: Overriding locale with editor locale configuration option (en).
[2020.04.11-13.24.59:497][  0]LogInit: Setting process to per monitor DPI aware
[2020.04.11-13.24.59:579][  0]LogSlate: New Slate User Created.  User Index 0, Is Virtual User: 0
[2020.04.11-13.24.59:579][  0]LogSlate: Slate User Registered.  User Index 0, Is Virtual User: 0
[2020.04.11-13.24.59:864][  0]LogHMD: Failed to initialize OpenVR with code 110
[2020.04.11-13.24.59:865][  0]LogD3D11RHI: D3D11 adapters:
[2020.04.11-13.25.00:169][  0]LogD3D11RHI:    0. 'NVIDIA GeForce GTX 960M' (Feature Level 11_0)
[2020.04.11-13.25.00:169][  0]LogD3D11RHI:       2010/0/4038 MB DedicatedVideo/DedicatedSystem/SharedSystem, Outputs:1, VendorId:0x10de
[2020.04.11-13.25.00:177][  0]LogD3D11RHI:    1. 'Intel(R) HD Graphics 4600' (Feature Level 11_0)
[2020.04.11-13.25.00:177][  0]LogD3D11RHI:       112/0/2048 MB DedicatedVideo/DedicatedSystem/SharedSystem, Outputs:0, VendorId:0x8086
[2020.04.11-13.25.00:179][  0]LogD3D11RHI:    2. 'Microsoft Basic Render Driver' (Feature Level 11_0)
[2020.04.11-13.25.00:179][  0]LogD3D11RHI:       0/0/4038 MB DedicatedVideo/DedicatedSystem/SharedSystem, Outputs:0, VendorId:0x1414
[2020.04.11-13.25.00:179][  0]LogD3D11RHI: Chosen D3D11 Adapter: 0
[2020.04.11-13.25.00:208][  0]LogD3D11RHI: Creating new Direct3DDevice
[2020.04.11-13.25.00:208][  0]LogD3D11RHI:     GPU DeviceId: 0x139b (for the marketing name, search the web for "GPU Device Id")
[2020.04.11-13.25.00:208][  0]LogWindows: EnumDisplayDevices:
[2020.04.11-13.25.00:209][  0]LogWindows:    0. 'Intel(R) HD Graphics 4600' (P:1 D:1)
[2020.04.11-13.25.00:210][  0]LogWindows:    1. 'Intel(R) HD Graphics 4600' (P:0 D:0)
[2020.04.11-13.25.00:210][  0]LogWindows:    2. 'Intel(R) HD Graphics 4600' (P:0 D:0)
[2020.04.11-13.25.00:211][  0]LogWindows: DebugString: PrimaryIsNotTheChoosenAdapter PrimaryIsNotTheChoosenAdapter PrimaryIsNotTheChoosenAdapter FoundDriverCount:0 
[2020.04.11-13.25.00:211][  0]LogD3D11RHI:     Adapter Name: NVIDIA GeForce GTX 960M
[2020.04.11-13.25.00:211][  0]LogD3D11RHI:   Driver Version: Unknown (internal:Unknown, unified:Unknown)
[2020.04.11-13.25.00:211][  0]LogD3D11RHI:      Driver Date: Unknown
[2020.04.11-13.25.00:211][  0]LogRHI: Texture pool is 1407 MB (70% of 2010 MB)
[2020.04.11-13.25.00:357][  0]LogD3D11RHI: Async texture creation enabled
[2020.04.11-13.25.00:935][  0]LogD3D11RHI: GPU Timing Frequency: 1000.000000 (Debug: 2 1)
[2020.04.11-13.25.01:437][  0]LogTemp: Display: Module 'AllDesktopTargetPlatform' loaded TargetPlatform 'AllDesktop'
[2020.04.11-13.25.01:448][  0]LogTemp: Display: Module 'MacClientTargetPlatform' loaded TargetPlatform 'MacClient'
[2020.04.11-13.25.01:460][  0]LogTemp: Display: Module 'MacNoEditorTargetPlatform' loaded TargetPlatform 'MacNoEditor'
[2020.04.11-13.25.01:470][  0]LogTemp: Display: Module 'MacServerTargetPlatform' loaded TargetPlatform 'MacServer'
[2020.04.11-13.25.01:483][  0]LogTemp: Display: Module 'MacTargetPlatform' loaded TargetPlatform 'Mac'
[2020.04.11-13.25.01:493][  0]LogTemp: Display: Module 'WindowsClientTargetPlatform' loaded TargetPlatform 'WindowsClient'
[2020.04.11-13.25.01:508][  0]LogTemp: Display: Module 'WindowsNoEditorTargetPlatform' loaded TargetPlatform 'WindowsNoEditor'
[2020.04.11-13.25.01:520][  0]LogTemp: Display: Module 'WindowsServerTargetPlatform' loaded TargetPlatform 'WindowsServer'
[2020.04.11-13.25.01:526][  0]LogTemp: Display: Module 'WindowsTargetPlatform' loaded TargetPlatform 'Windows'
[2020.04.11-13.25.01:568][  0]LogTemp: Display: Module 'AndroidTargetPlatform' loaded TargetPlatform 'Android'
[2020.04.11-13.25.01:568][  0]LogTemp: Display: Module 'AndroidTargetPlatform' loaded TargetPlatform 'Android_ASTC'
[2020.04.11-13.25.01:568][  0]LogTemp: Display: Module 'AndroidTargetPlatform' loaded TargetPlatform 'Android_ATC'
[2020.04.11-13.25.01:568][  0]LogTemp: Display: Module 'AndroidTargetPlatform' loaded TargetPlatform 'Android_DXT'
[2020.04.11-13.25.01:568][  0]LogTemp: Display: Module 'AndroidTargetPlatform' loaded TargetPlatform 'Android_ETC1'
[2020.04.11-13.25.01:568][  0]LogTemp: Display: Module 'AndroidTargetPlatform' loaded TargetPlatform 'Android_ETC1a'
[2020.04.11-13.25.01:568][  0]LogTemp: Display: Module 'AndroidTargetPlatform' loaded TargetPlatform 'Android_ETC2'
[2020.04.11-13.25.01:568][  0]LogTemp: Display: Module 'AndroidTargetPlatform' loaded TargetPlatform 'Android_PVRTC'
[2020.04.11-13.25.01:568][  0]LogTemp: Display: Module 'AndroidTargetPlatform' loaded TargetPlatform 'AndroidClient'
[2020.04.11-13.25.01:568][  0]LogTemp: Display: Module 'AndroidTargetPlatform' loaded TargetPlatform 'Android_ASTCClient'
[2020.04.11-13.25.01:568][  0]LogTemp: Display: Module 'AndroidTargetPlatform' loaded TargetPlatform 'Android_ATCClient'
[2020.04.11-13.25.01:568][  0]LogTemp: Display: Module 'AndroidTargetPlatform' loaded TargetPlatform 'Android_DXTClient'
[2020.04.11-13.25.01:568][  0]LogTemp: Display: Module 'AndroidTargetPlatform' loaded TargetPlatform 'Android_ETC1Client'
[2020.04.11-13.25.01:568][  0]LogTemp: Display: Module 'AndroidTargetPlatform' loaded TargetPlatform 'Android_ETC1aClient'
[2020.04.11-13.25.01:568][  0]LogTemp: Display: Module 'AndroidTargetPlatform' loaded TargetPlatform 'Android_ETC2Client'
[2020.04.11-13.25.01:568][  0]LogTemp: Display: Module 'AndroidTargetPlatform' loaded TargetPlatform 'Android_PVRTCClient'
[2020.04.11-13.25.01:568][  0]LogTemp: Display: Module 'AndroidTargetPlatform' loaded TargetPlatform 'Android_Multi'
[2020.04.11-13.25.01:568][  0]LogTemp: Display: Module 'AndroidTargetPlatform' loaded TargetPlatform 'Android_MultiClient'
[2020.04.11-13.25.01:571][  0]LogTemp: Display: Module 'HTML5TargetPlatform' loaded TargetPlatform 'HTML5'
[2020.04.11-13.25.01:596][  0]LogTemp: Display: Module 'IOSTargetPlatform' loaded TargetPlatform 'IOSClient'
[2020.04.11-13.25.01:596][  0]LogTemp: Display: Module 'IOSTargetPlatform' loaded TargetPlatform 'IOS'
[2020.04.11-13.25.01:615][  0]LogTemp: Display: Module 'TVOSTargetPlatform' loaded TargetPlatform 'TVOSClient'
[2020.04.11-13.25.01:615][  0]LogTemp: Display: Module 'TVOSTargetPlatform' loaded TargetPlatform 'TVOS'
[2020.04.11-13.25.01:623][  0]LogTemp: Display: Module 'LinuxClientTargetPlatform' loaded TargetPlatform 'LinuxClient'
[2020.04.11-13.25.01:632][  0]LogTemp: Display: Module 'LinuxNoEditorTargetPlatform' loaded TargetPlatform 'LinuxNoEditor'
[2020.04.11-13.25.01:641][  0]LogTemp: Display: Module 'LinuxServerTargetPlatform' loaded TargetPlatform 'LinuxServer'
[2020.04.11-13.25.01:650][  0]LogTemp: Display: Module 'LinuxTargetPlatform' loaded TargetPlatform 'Linux'
[2020.04.11-13.25.01:683][  0]LogTemp: Display: Module 'LuminTargetPlatform' loaded TargetPlatform 'Lumin'
[2020.04.11-13.25.01:683][  0]LogTemp: Display: Module 'LuminTargetPlatform' loaded TargetPlatform 'LuminClient'
[2020.04.11-13.25.01:683][  0]LogTargetPlatformManager: Display: Building Assets For Windows
[2020.04.11-13.25.01:695][  0]LogAudioDebug: Display: Lib vorbis DLL was dynamically loaded.
[2020.04.11-13.25.01:758][  0]LogShaderCompilers: Guid format shader working directory is -20 characters bigger than the processId version (../../../../../../Users/Avell 960m/Documents/Unreal Projects/CoronaKill/Intermediate/Shaders/WorkingDirectory/5052/).
[2020.04.11-13.25.01:758][  0]LogShaderCompilers: Cleaned the shader compiler working directory 'C:/Users/Avell 960m/AppData/Local/Temp/UnrealShaderWorkingDir/BE7B607B4293F809FBDE6C9AB92626C3/'.
[2020.04.11-13.25.01:761][  0]LogXGEController: Cannot use XGE Controller as Incredibuild is not installed on this machine.
[2020.04.11-13.25.01:761][  0]LogShaderCompilers: Cannot use XGE Shader Compiler as Incredibuild is not installed on this machine.
[2020.04.11-13.25.01:761][  0]LogShaderCompilers: Display: Using Local Shader Compiler.
[2020.04.11-13.25.03:211][  0]LogDerivedDataCache: Display: Max Cache Size: 512 MB
[2020.04.11-13.25.03:308][  0]LogDerivedDataCache: Loaded boot cache 0.10s 73MB C:/Users/Avell 960m/AppData/Local/UnrealEngine/4.23/DerivedDataCache/Boot.ddc.
[2020.04.11-13.25.03:308][  0]LogDerivedDataCache: Display: Loaded Boot cache: C:/Users/Avell 960m/AppData/Local/UnrealEngine/4.23/DerivedDataCache/Boot.ddc
[2020.04.11-13.25.03:309][  0]LogDerivedDataCache: FDerivedDataBackendGraph:  Pak pak cache file ../../../../../../Users/Avell 960m/Documents/Unreal Projects/CoronaKill/DerivedDataCache/DDC.ddp not found, will not use a pak cache.
[2020.04.11-13.25.03:309][  0]LogDerivedDataCache: Unable to find inner node Pak for hierarchical cache Hierarchy.
[2020.04.11-13.25.03:309][  0]LogDerivedDataCache: FDerivedDataBackendGraph:  CompressedPak pak cache file ../../../../../../Users/Avell 960m/Documents/Unreal Projects/CoronaKill/DerivedDataCache/Compressed.ddp not found, will not use a pak cache.
[2020.04.11-13.25.03:309][  0]LogDerivedDataCache: Unable to find inner node CompressedPak for hierarchical cache Hierarchy.
[2020.04.11-13.25.03:329][  0]LogDerivedDataCache: Display: Pak cache opened for reading ../../../Engine/DerivedDataCache/Compressed.ddp.
[2020.04.11-13.25.03:329][  0]LogDerivedDataCache: FDerivedDataBackendGraph:  EnterprisePak pak cache file ../../../Enterprise/DerivedDataCache/Compressed.ddp not found, will not use a pak cache.
[2020.04.11-13.25.03:329][  0]LogDerivedDataCache: Unable to find inner node EnterprisePak for hierarchical cache Hierarchy.
[2020.04.11-13.25.03:331][  0]LogDerivedDataCache: Using Local data cache path C:/Users/Avell 960m/AppData/Local/UnrealEngine/Common/DerivedDataCache: Writable
[2020.04.11-13.25.03:331][  0]LogDerivedDataCache: Shared data cache path not found in *engine.ini, will not use an Shared cache.
[2020.04.11-13.25.03:331][  0]LogDerivedDataCache: Unable to find inner node Shared for hierarchical cache Hierarchy.
[2020.04.11-13.25.03:396][  0]LogMaterial: Verifying Global Shaders for PCD3D_SM5
[2020.04.11-13.25.03:407][  0]LogSlate: Using FreeType 2.6.0
[2020.04.11-13.25.03:409][  0]LogSlate: SlateFontServices - WITH_FREETYPE: 1, WITH_HARFBUZZ: 1
[2020.04.11-13.25.03:595][  0]LogAssetRegistry: FAssetRegistry took 0.0092 seconds to start up
[2020.04.11-13.25.04:177][  0]LogInit: Selected Device Profile: [Windows]
[2020.04.11-13.25.04:729][  0]LogMeshReduction: Using QuadricMeshReduction for automatic static mesh reduction
[2020.04.11-13.25.04:729][  0]LogMeshReduction: Using SimplygonMeshReduction for automatic skeletal mesh reduction
[2020.04.11-13.25.04:729][  0]LogMeshReduction: Using ProxyLODMeshReduction for automatic mesh merging
[2020.04.11-13.25.04:729][  0]LogMeshReduction: No distributed automatic mesh merging module available
[2020.04.11-13.25.04:729][  0]LogMeshMerging: No distributed automatic mesh merging module available
[2020.04.11-13.25.04:744][  0]LogNetVersion: CoronaKill 1.0.0, NetCL: 8386587, EngineNetVer: 11, GameNetVer: 0 (Checksum: 3581877057)
[2020.04.11-13.25.06:042][  0]LogPackageLocalizationCache: Processed 12 localized package path(s) for 1 prioritized culture(s) in 0.404127 seconds
[2020.04.11-13.25.06:051][  0]LogUObjectArray: 43444 objects as part of root set at end of initial load.
[2020.04.11-13.25.06:051][  0]LogUObjectAllocator: 7548648 out of 0 bytes used by permanent object pool.
[2020.04.11-13.25.06:051][  0]LogUObjectArray: CloseDisregardForGC: 0/0 objects in disregard for GC pool
[2020.04.11-13.25.08:100][  0]LogTcpMessaging: Initializing TcpMessaging bridge
[2020.04.11-13.25.08:110][  0]LogUdpMessaging: Initializing bridge on interface 0.0.0.0:0 to multicast group 230.0.0.1:6666.
[2020.04.11-13.25.08:265][  0]SourceControl: Source control is disabled
[2020.04.11-13.25.08:265][  0]SourceControl: Source control is disabled
[2020.04.11-13.25.08:270][  0]SourceControl: Source control is disabled
[2020.04.11-13.25.08:275][  0]SourceControl: Source control is disabled
[2020.04.11-13.25.08:535][  0]LogAndroidPermission: UAndroidPermissionCallbackProxy::GetInstance
[2020.04.11-13.25.09:164][  0]LogOcInput: OculusInput pre-init called
[2020.04.11-13.25.09:176][  0]LogWindows: Failed to load 'OVRPlugin.dll' (GetLastError=126)
[2020.04.11-13.25.09:176][  0]LogWindows: File 'OVRPlugin.dll' does not exist
[2020.04.11-13.25.09:287][  0]LogEngine: Initializing Engine...
[2020.04.11-13.25.09:288][  0]LogHMD: Failed to initialize OpenVR with code 110
[2020.04.11-13.25.09:289][  0]LogStats: UGameplayTagsManager::InitializeManager -  0.000 s
[2020.04.11-13.25.09:637][  0]LogInit: Initializing FReadOnlyCVARCache
[2020.04.11-13.25.09:665][  0]LogAIModule: Creating AISystem for world Untitled
[2020.04.11-13.25.09:710][  0]LogInit: XAudio2 using 'Alto-falantes (2- Logitech USB Headset)' : 2 channels at 48 kHz using 16 bits per sample (channel mask 0x3)
[2020.04.11-13.25.09:764][  0]LogInit: FAudioDevice initialized.
[2020.04.11-13.25.09:764][  0]LogNetVersion: Set ProjectVersion to 1.0.0.0. Version Checksum will be recalculated on next use.
[2020.04.11-13.25.10:112][  0]LogDerivedDataCache: Saved boot cache 0.35s 73MB C:/Users/Avell 960m/AppData/Local/UnrealEngine/4.23/DerivedDataCache/Boot.ddc.
[2020.04.11-13.25.10:121][  0]LogInit: Texture streaming: Enabled
[2020.04.11-13.25.10:196][  0]LogEngineSessionManager: EngineSessionManager initialized
[2020.04.11-13.25.10:197][  0]LogEditorSessionSummary: Verbose: Initializing EditorSessionSummaryWriter for editor session tracking
[2020.04.11-13.25.10:200][  0]LogEditorSessionSummary: EditorSessionSummaryWriter initialized
[2020.04.11-13.25.10:500][  0]LogInit: Transaction tracking system initialized
[2020.04.11-13.25.10:610][  0]BlueprintLog: New page: Editor Load
[2020.04.11-13.25.10:973][  0]LocalizationService: Localization service is disabled
[2020.04.11-13.25.11:826][  0]LogFileCache: Scanning file cache for directory 'C:/Users/Avell 960m/Documents/Unreal Projects/CoronaKill/Content/' took 0.05s
[2020.04.11-13.25.11:826][  0]LogCook: Display: Max memory allowance for cook 16384mb min free memory 0mb
[2020.04.11-13.25.11:827][  0]LogCook: Display: Mobile HDR setting 1
[2020.04.11-13.25.12:185][  0]SourceControl: Source control is disabled
[2020.04.11-13.25.12:186][  0]Cmd: MAP LOAD FILE="../../../../../../Users/Avell 960m/Documents/Unreal Projects/CoronaKill/Content/FirstPersonBP/Maps/FirstPersonExampleMap.umap" TEMPLATE=0 SHOWPROGRESS=1 FEATURELEVEL=3
[2020.04.11-13.25.12:187][  0]LightingResults: New page: Lighting Build
[2020.04.11-13.25.12:200][  0]LogWorld: UWorld::CleanupWorld for Untitled, bSessionEnded=true, bCleanupResources=true
[2020.04.11-13.25.12:200][  0]MapCheck: New page: Map Check
[2020.04.11-13.25.12:201][  0]LightingResults: New page: Lighting Build
[2020.04.11-13.25.12:300][  0]LogUObjectHash: Compacting FUObjectHashTables data took   4.24ms
[2020.04.11-13.25.24:527][  0]LogAIModule: Creating AISystem for world FirstPersonExampleMap
[2020.04.11-13.25.24:980][  0]LogEditorServer: Finished looking for orphan Actors (0.000 secs)
[2020.04.11-13.25.25:086][  0]LogUObjectHash: Compacting FUObjectHashTables data took   6.22ms
[2020.04.11-13.25.25:086][  0]Cmd: MAP CHECKDEP NOCLEARLOG
[2020.04.11-13.25.25:087][  0]MapCheck: Map check complete: 0 Error(s), 0 Warning(s), took 0.518ms to complete.
[2020.04.11-13.25.25:087][  0]LogFileHelpers: Loading map 'FirstPersonExampleMap' took 12.901
[2020.04.11-13.25.26:046][  0]LogSlate: Updating window title bar state: overlay mode, drag disabled, window buttons hidden, title bar hidden
[2020.04.11-13.25.26:078][  0]LogSlate: Updating window title bar state: overlay mode, drag disabled, window buttons hidden, title bar hidden
[2020.04.11-13.25.26:098][  0]LogSlate: Updating window title bar state: overlay mode, drag disabled, window buttons hidden, title bar hidden
[2020.04.11-13.25.26:114][  0]LogSlate: Updating window title bar state: overlay mode, drag disabled, window buttons hidden, title bar hidden
[2020.04.11-13.25.26:274][  0]LogCollectionManager: Loaded 0 collections in 0.009443 seconds
[2020.04.11-13.25.26:391][  0]LogFileCache: Scanning file cache for directory 'C:/Users/Avell 960m/Documents/Unreal Projects/CoronaKill/Saved/Collections/' took 0.00s
[2020.04.11-13.25.26:391][  0]LogFileCache: Scanning file cache for directory 'C:/Users/Avell 960m/Documents/Unreal Projects/CoronaKill/Content/Developers/Avell960m/Collections/' took 0.00s
[2020.04.11-13.25.26:391][  0]LogFileCache: Scanning file cache for directory 'C:/Users/Avell 960m/Documents/Unreal Projects/CoronaKill/Content/Collections/' took 0.00s
[2020.04.11-13.25.26:391][  0]LogCollectionManager: Rebuilt the GUID cache for 0 collections in 0.000006 seconds
[2020.04.11-13.25.26:434][  0]LogContentBrowser: Native class hierarchy populated in 0.0399 seconds. Added 2863 classes and 680 folders.
[2020.04.11-13.25.26:583][  0]LogContentBrowser: Native class hierarchy updated for 'WidgetCarousel' in 0.0008 seconds. Added 0 classes and 0 folders.
[2020.04.11-13.25.29:202][  0]LogContentBrowser: Native class hierarchy updated for 'AddContentDialog' in 0.0007 seconds. Added 0 classes and 0 folders.
[2020.04.11-13.25.29:294][  0]LogContentBrowser: Native class hierarchy updated for 'SceneOutliner' in 0.0008 seconds. Added 1 classes and 2 folders.
[2020.04.11-13.25.30:006][  0]LogSlate: Took 0.000786 seconds to synchronously load lazily loaded font '../../../Engine/Content/Slate/Fonts/Roboto-Regular.ttf' (155K)
[2020.04.11-13.25.30:026][  0]LogSlate: Took 0.000688 seconds to synchronously load lazily loaded font '../../../Engine/Content/Slate/Fonts/Roboto-Bold.ttf' (160K)
[2020.04.11-13.25.30:118][  0]LogSlate: Took 0.027555 seconds to synchronously load lazily loaded font '../../../Engine/Content/Editor/Slate/Fonts/FontAwesome.ttf' (139K)
[2020.04.11-13.25.31:142][  0]LogRenderer: Reallocating scene render targets to support 924x460 Format 10 NumSamples 1 (Frame:1).
[2020.04.11-13.25.33:861][  0]LogContentBrowser: Native class hierarchy updated for 'HierarchicalLODOutliner' in 0.0008 seconds. Added 0 classes and 0 folders.
[2020.04.11-13.25.33:861][  0]LogLoad: (Engine Initialization) Total time: 40.56 seconds
[2020.04.11-13.25.33:861][  0]LogLoad: (Engine Initialization) Total Blueprint compile time: 0.00 seconds
[2020.04.11-13.25.34:685][  0]LogContentStreaming: Texture pool size now 1000 MB
[2020.04.11-13.25.35:458][  1]LogSlate: Took 0.047395 seconds to synchronously load lazily loaded font '../../../Engine/Content/Slate/Fonts/Roboto-Light.ttf' (167K)
[2020.04.11-13.25.37:434][ 11]LogAssetRegistry: Asset discovery search completed in 33.8414 seconds
[2020.04.11-13.25.37:449][ 11]LogCollectionManager: Rebuilt the object cache for 0 collections in 0.000012 seconds (found 0 objects)
[2020.04.11-13.25.37:449][ 11]LogCollectionManager: Fixed up redirectors for 0 collections in 0.000291 seconds (updated 0 objects)
[2020.04.11-13.25.58:004][133]LogSlate: FSceneViewport::OnFocusLost() reason 0
[2020.04.11-13.26.08:320][289]LogSlate: FSceneViewport::OnFocusLost() reason 0
[2020.04.11-13.26.08:454][291]LogTemp: Repeating last play command: Selected Viewport
[2020.04.11-13.26.08:555][291]LogBlueprintUserMessages: Early PlayInEditor Detection: Level '/Game/FirstPersonBP/Maps/FirstPersonExampleMap.FirstPersonExampleMap:PersistentLevel' has LevelScriptBlueprint '/Game/FirstPersonBP/Maps/FirstPersonExampleMap.FirstPersonExampleMap:PersistentLevel.FirstPersonExampleMap' with GeneratedClass '/Game/FirstPersonBP/Maps/FirstPersonExampleMap.FirstPersonExampleMap_C' with ClassGeneratedBy '/Game/FirstPersonBP/Maps/FirstPersonExampleMap.FirstPersonExampleMap:PersistentLevel.FirstPersonExampleMap'
[2020.04.11-13.26.08:573][291]LogPlayLevel: PlayLevel: No blueprints needed recompiling
[2020.04.11-13.26.08:660][291]PIE: New page: PIE session: FirstPersonExampleMap (Apr 11, 2020, 7:26:08 AM)
[2020.04.11-13.26.08:682][291]LogOnline: OSS: Creating online subsystem instance for: NULL
[2020.04.11-13.26.08:706][291]LogPlayLevel: Creating play world package: /Game/FirstPersonBP/Maps/UEDPIE_0_FirstPersonExampleMap
[2020.04.11-13.26.08:810][291]LogPlayLevel: PIE: StaticDuplicateObject took: (0.102574s)
[2020.04.11-13.26.08:826][291]LogAIModule: Creating AISystem for world FirstPersonExampleMap
[2020.04.11-13.26.08:840][291]LogPlayLevel: PIE: World Init took: (0.030604s)
[2020.04.11-13.26.08:841][291]LogPlayLevel: PIE: Created PIE world by copying editor world from /Game/FirstPersonBP/Maps/FirstPersonExampleMap.FirstPersonExampleMap to /Game/FirstPersonBP/Maps/UEDPIE_0_FirstPersonExampleMap.FirstPersonExampleMap (0.134355s)
[2020.04.11-13.26.08:924][291]LogUObjectHash: Compacting FUObjectHashTables data took   3.09ms
[2020.04.11-13.26.09:074][291]LogInit: XAudio2 using 'Alto-falantes (2- Logitech USB Headset)' : 2 channels at 48 kHz using 16 bits per sample (channel mask 0x3)
[2020.04.11-13.26.09:103][291]LogInit: FAudioDevice initialized.
[2020.04.11-13.26.09:284][291]LogLoad: Game class is 'FirstPersonGameMode_C'
[2020.04.11-13.26.09:425][291]LogWorld: Bringing World /Game/FirstPersonBP/Maps/UEDPIE_0_FirstPersonExampleMap.FirstPersonExampleMap up for play (max tick rate 60) at 2020.04.11-10.26.09
[2020.04.11-13.26.09:574][291]LogWorld: Bringing up level for play took: 0.179379
[2020.04.11-13.26.09:588][291]LogOnline: OSS: Creating online subsystem instance for: :Context_7
[2020.04.11-13.26.09:736][291]LogContentBrowser: Native class hierarchy updated for 'MovieSceneCapture' in 0.0010 seconds. Added 20 classes and 0 folders.
[2020.04.11-13.26.09:783][291]PIE: Play in editor start time for /Game/FirstPersonBP/Maps/UEDPIE_0_FirstPersonExampleMap 1.345
[2020.04.11-13.26.09:784][291]LogBlueprintUserMessages: Late PlayInEditor Detection: Level '/Game/FirstPersonBP/Maps/FirstPersonExampleMap.FirstPersonExampleMap:PersistentLevel' has LevelScriptBlueprint '/Game/FirstPersonBP/Maps/FirstPersonExampleMap.FirstPersonExampleMap:PersistentLevel.FirstPersonExampleMap' with GeneratedClass '/Game/FirstPersonBP/Maps/FirstPersonExampleMap.FirstPersonExampleMap_C' with ClassGeneratedBy '/Game/FirstPersonBP/Maps/FirstPersonExampleMap.FirstPersonExampleMap:PersistentLevel.FirstPersonExampleMap'
[2020.04.11-13.26.28:069][823]LogCharacterMovement: FirstPersonCharacter_C_1 is stuck and failed to move! Velocity: X=-136.02 Y=352.75 Z=0.00 Location: X=-1142.76 Y=288.27 Z=268.36 Normal: X=-0.95 Y=0.32 Z=-0.04 PenetrationDepth:9.859 Actor:EditorCube21_15 Component:StaticMeshComponent0 BoneName:None (0 other events since notify)
[2020.04.11-13.26.37:903][ 40]LogCharacterMovement: Codv_Character_3 is stuck and failed to move! Velocity: X=-56.64 Y=29.74 Z=0.00 Location: X=-704.64 Y=920.01 Z=260.36 Normal: X=1.00 Y=-0.05 Z=0.00 PenetrationDepth:0.000 Actor:Codv_Character_2 Component:StaticMesh3 BoneName:None (0 other events since notify)
[2020.04.11-13.26.38:924][ 56]LogCharacterMovement: Codv_Character_3 is stuck and failed to move! Velocity: X=-65.10 Y=33.63 Z=0.00 Location: X=-704.89 Y=920.39 Z=260.36 Normal: X=1.00 Y=-0.01 Z=-0.00 PenetrationDepth:0.000 Actor:Codv_Character_2 Component:StaticMesh3 BoneName:None (0 other events since notify)
[2020.04.11-13.26.49:544][245]LogBlueprintUserMessages: Early EndPlayMap Detection: Level '/Game/FirstPersonBP/Maps/FirstPersonExampleMap.FirstPersonExampleMap:PersistentLevel' has LevelScriptBlueprint '/Game/FirstPersonBP/Maps/FirstPersonExampleMap.FirstPersonExampleMap:PersistentLevel.FirstPersonExampleMap' with GeneratedClass '/Game/FirstPersonBP/Maps/FirstPersonExampleMap.FirstPersonExampleMap_C' with ClassGeneratedBy '/Game/FirstPersonBP/Maps/FirstPersonExampleMap.FirstPersonExampleMap:PersistentLevel.FirstPersonExampleMap'
[2020.04.11-13.26.49:553][245]LogSlate: Updating window title bar state: overlay mode, drag disabled, window buttons hidden, title bar hidden
[2020.04.11-13.26.49:553][245]LogWorld: BeginTearingDown for /Game/FirstPersonBP/Maps/UEDPIE_0_FirstPersonExampleMap
[2020.04.11-13.26.49:554][245]LogWorld: UWorld::CleanupWorld for FirstPersonExampleMap, bSessionEnded=true, bCleanupResources=true
[2020.04.11-13.26.49:627][245]LogPlayLevel: Display: Shutting down PIE online subsystems
[2020.04.11-13.26.49:628][245]LogBlueprintUserMessages: Late EndPlayMap Detection: Level '/Game/FirstPersonBP/Maps/FirstPersonExampleMap.FirstPersonExampleMap:PersistentLevel' has LevelScriptBlueprint '/Game/FirstPersonBP/Maps/FirstPersonExampleMap.FirstPersonExampleMap:PersistentLevel.FirstPersonExampleMap' with GeneratedClass '/Game/FirstPersonBP/Maps/FirstPersonExampleMap.FirstPersonExampleMap_C' with ClassGeneratedBy '/Game/FirstPersonBP/Maps/FirstPersonExampleMap.FirstPersonExampleMap:PersistentLevel.FirstPersonExampleMap'
[2020.04.11-13.26.49:763][245]LogSlate: Updating window title bar state: overlay mode, drag disabled, window buttons hidden, title bar hidden
[2020.04.11-13.26.49:785][245]LogUObjectHash: Compacting FUObjectHashTables data took   7.09ms
[2020.04.11-13.26.49:871][246]LogPlayLevel: Display: Destroying online subsystem :Context_7
[2020.04.11-13.27.46:581][413]LogSlate: FSceneViewport::OnFocusLost() reason 0
[2020.04.11-13.27.52:144][449]LogSlate: Took 0.000622 seconds to synchronously load lazily loaded font '../../../Engine/Content/Slate/Fonts/Roboto-Light.ttf' (167K)
[2020.04.11-13.27.52:192][449]LogAssetEditorManager: Opening Asset editor for Blueprint /Game/FirstPersonBP/Blueprints/IsofrerDano.IsofrerDano
[2020.04.11-13.27.53:092][449]LogContentBrowser: Native class hierarchy updated for 'BlueprintGraph' in 0.0020 seconds. Added 121 classes and 0 folders.
[2020.04.11-13.28.26:145][ 14]LogAssetEditorManager: Opening Asset editor for Blueprint /Game/FirstPersonBP/Blueprints/Actor_Pai.Actor_Pai
[2020.04.11-13.28.29:256][ 14]LogSlate: Took 0.056884 seconds to synchronously load lazily loaded font '../../../Engine/Content/Slate/Fonts/Roboto-BoldCondensed.ttf' (158K)
[2020.04.11-13.28.30:135][ 15]LogSlate: Took 0.027776 seconds to synchronously load lazily loaded font '../../../Engine/Content/Slate/Fonts/Roboto-Italic.ttf' (157K)
[2020.04.11-13.30.17:770][290]BlueprintLog: New page: Compile Actor_Pai
[2020.04.11-13.30.18:962][290]LogUObjectHash: Compacting FUObjectHashTables data took   9.48ms
[2020.04.11-13.30.20:238][299]LogSavePackage: Moving '../../../../../../Users/Avell 960m/Documents/Unreal Projects/CoronaKill/Saved/Actor_Pai342F452649E626CEAC95B2919CA7E9AC.tmp' to '../../../../../../Users/Avell 960m/Documents/Unreal Projects/CoronaKill/Content/FirstPersonBP/Blueprints/Actor_Pai.uasset'
[2020.04.11-13.30.29:489][446]LogAssetEditorManager: Opening Asset editor for Blueprint /Game/FirstPersonBP/Blueprints/FirstPersonProjectile.FirstPersonProjectile
[2020.04.11-13.32.55:469][109]LogD3D11RHI: GetQueryData is taking a very long time (5.0 s)
[2020.04.11-13.33.00:468][109]LogD3D11RHI: GetQueryData is taking a very long time (10.0 s)
[2020.04.11-13.33.05:467][109]LogD3D11RHI: GetQueryData is taking a very long time (15.0 s)
[2020.04.11-13.33.10:469][109]LogD3D11RHI: GetQueryData is taking a very long time (20.0 s)
[2020.04.11-13.33.15:469][109]LogD3D11RHI: GetQueryData is taking a very long time (25.0 s)
[2020.04.11-13.33.20:468][109]LogD3D11RHI: GetQueryData is taking a very long time (30.0 s)
[2020.04.11-13.33.20:468][109]LogD3D11RHI: Timed out while waiting for GPU to catch up. (30.0 s) (ErrorCode 00000001)
[2020.04.11-13.33.20:700][109]LogWindows: Windows GetLastError: A operação foi concluída com êxito. (0)
[2020.04.11-13.33.38:588][109]LogOutputDevice: Warning: 

Script Stack (0 frames):

[2020.04.11-13.33.38:588][109]LogWindows: Windows GetLastError: A operação foi concluída com êxito. (0)
[2020.04.11-13.33.38:609][109]LogWindows: Error: === Critical error: ===
[2020.04.11-13.33.38:609][109]LogWindows: Error: 
[2020.04.11-13.33.38:609][109]LogWindows: Error: Fatal error: [File:D:/Build/++UE4/Sync/Engine/Source/Runtime/RenderCore/Private/RenderingThread.cpp] [Line: 836] 
[2020.04.11-13.33.38:609][109]LogWindows: Error: Rendering thread exception:
[2020.04.11-13.33.38:609][109]LogWindows: Error: Assertion failed: GD3D11RHI->GetQueryData(Query->Resource, &Query->Result, sizeof(Query->Result), Query->QueryType, true, false) [File:D:/Build/++UE4/Sync/Engine/Source/Runtime/Windows/D3D11RHI/Private/D3D11Query.cpp] [Line: 45] 
[2020.04.11-13.33.38:609][109]LogWindows: Error: 
[2020.04.11-13.33.38:609][109]LogWindows: Error: 
[2020.04.11-13.33.38:609][109]LogWindows: Error: 
[2020.04.11-13.33.38:609][109]LogWindows: Error: [Callstack] 0x00007ffebd04a859 KERNELBASE.dll!UnknownFunction []
[2020.04.11-13.33.38:609][109]LogWindows: Error: [Callstack] 0x00007ffe7ad6a367 UE4Editor-Core.dll!UnknownFunction []
[2020.04.11-13.33.38:609][109]LogWindows: Error: [Callstack] 0x00007ffe7ad6cbc4 UE4Editor-Core.dll!UnknownFunction []
[2020.04.11-13.33.38:609][109]LogWindows: Error: [Callstack] 0x00007ffe7ab61ada UE4Editor-Core.dll!UnknownFunction []
[2020.04.11-13.33.38:609][109]LogWindows: Error: [Callstack] 0x00007ffe7aab67a3 UE4Editor-Core.dll!UnknownFunction []
[2020.04.11-13.33.38:609][109]LogWindows: Error: [Callstack] 0x00007ffe7aab6eb0 UE4Editor-Core.dll!UnknownFunction []
[2020.04.11-13.33.38:609][109]LogWindows: Error: [Callstack] 0x00007ffe4e4bfccd UE4Editor-D3D11RHI.dll!UnknownFunction []
[2020.04.11-13.33.38:609][109]LogWindows: Error: [Callstack] 0x00007ffe4e4cf6f9 UE4Editor-D3D11RHI.dll!UnknownFunction []
[2020.04.11-13.33.38:609][109]LogWindows: Error: [Callstack] 0x00007ffe7cc8caf7 UE4Editor-RHI.dll!UnknownFunction []
[2020.04.11-13.33.38:609][109]LogWindows: Error: [Callstack] 0x00007ffe5d97e4c7 UE4Editor-Renderer.dll!UnknownFunction []
[2020.04.11-13.33.38:609][109]LogWindows: Error: [Callstack] 0x00007ffe7a934e4a UE4Editor-Core.dll!UnknownFunction []
[2020.04.11-13.33.38:609][109]LogWindows: Error: [Callstack] 0x00007ffe7a9351f3 UE4Editor-Core.dll!UnknownFunction []
[2020.04.11-13.33.38:609][109]LogWindows: Error: [Callstack] 0x00007ffe7ce20021 UE4Editor-RenderCore.dll!UnknownFunction []
[2020.04.11-13.33.38:609][109]LogWindows: Error: [Callstack] 0x00007ffe7ce285b4 UE4Editor-RenderCore.dll!UnknownFunction []
[2020.04.11-13.33.38:609][109]LogWindows: Error: [Callstack] 0x00007ffe7ad89f5f UE4Editor-Core.dll!UnknownFunction []
[2020.04.11-13.33.38:609][109]LogWindows: Error: [Callstack] 0x00007ffe7ad804b1 UE4Editor-Core.dll!UnknownFunction []
[2020.04.11-13.33.38:609][109]LogWindows: Error: [Callstack] 0x00007ffebe497bd4 KERNEL32.DLL!UnknownFunction []
[2020.04.11-13.33.38:609][109]LogWindows: Error: [Callstack] 0x00007ffebfdeced1 ntdll.dll!UnknownFunction []
[2020.04.11-13.33.38:609][109]LogWindows: Error: 
[2020.04.11-13.33.38:609][109]LogWindows: Error: 
[2020.04.11-13.33.38:609][109]LogWindows: Error: 
[2020.04.11-13.33.38:609][109]LogWindows: Error: 
[2020.04.11-13.33.38:704][109]LogExit: Executing StaticShutdownAfterError
[2020.04.11-13.33.38:724][109]LogWindows: FPlatformMisc::RequestExit(1)
[2020.04.11-13.33.38:762][109]Log file closed, 04/11/20 10:33:38
